ivector-plda-scoring 'ivector-copy-plda --smoothing=0.0 exp/score.trans/ivector_plda/plda - |' 'ark:ivector-transform exp/score.trans/ivector_plda/lda_transform.mat scp:data/test_eval92.trans-iv/ivector.scp ark:- | ivector-subtract-global-mean ark:- ark:- |' 'ark:ivector-transform exp/score.trans/ivector_plda/lda_transform.mat scp:data/test_eval92.trans-iv/ivector.scp ark:- | ivector-subtract-global-mean ark:- ark:- |' 'cat '\''exp/trials/trial.utt2utt'\'' | awk '\''{print $1, $2}'\'' |' exp/score.trans/ivector_plda/plda.output 
ivector-copy-plda --smoothing=0.0 exp/score.trans/ivector_plda/plda - 
ivector-transform exp/score.trans/ivector_plda/lda_transform.mat scp:data/test_eval92.trans-iv/ivector.scp ark:- 
ivector-subtract-global-mean ark:- ark:- 
LOG (ivector-transform:main():ivector-transform.cc:91) Processed 4573 iVectors.
LOG (ivector-transform:main():ivector-transform.cc:99) Norm of mean was 1.55127 (should be close to zero), length divided by sqrt(dim) was 0.665611 (should probably be close to one)
LOG (ivector-subtract-global-mean:main():ivector-subtract-global-mean.cc:76) Read 4573 iVectors.
LOG (ivector-subtract-global-mean:main():ivector-subtract-global-mean.cc:79) Norm of iVector mean was 1.55127
ivector-subtract-global-mean ark:- ark:- 
ivector-transform exp/score.trans/ivector_plda/lda_transform.mat scp:data/test_eval92.trans-iv/ivector.scp ark:- 
LOG (ivector-transform:main():ivector-transform.cc:91) Processed 4573 iVectors.
LOG (ivector-transform:main():ivector-transform.cc:99) Norm of mean was 1.55127 (should be close to zero), length divided by sqrt(dim) was 0.665611 (should probably be close to one)
LOG (ivector-subtract-global-mean:main():ivector-subtract-global-mean.cc:76) Read 4573 iVectors.
LOG (ivector-subtract-global-mean:main():ivector-subtract-global-mean.cc:79) Norm of iVector mean was 1.55127
LOG (ivector-plda-scoring:main():ivector-plda-scoring.cc:96) Reading train iVectors
LOG (ivector-subtract-global-mean:main():ivector-subtract-global-mean.cc:108) Wrote 4573 mean-subtracted iVectors
LOG (ivector-plda-scoring:main():ivector-plda-scoring.cc:110) Read 4573 training iVectors, errors on 0
LOG (ivector-plda-scoring:main():ivector-plda-scoring.cc:114) Average renormalization scale on training iVectors was 0.995452
LOG (ivector-plda-scoring:main():ivector-plda-scoring.cc:117) Reading test iVectors
LOG (ivector-subtract-global-mean:main():ivector-subtract-global-mean.cc:108) Wrote 4573 mean-subtracted iVectors
LOG (ivector-plda-scoring:main():ivector-plda-scoring.cc:131) Read 4573 test iVectors.
LOG (ivector-plda-scoring:main():ivector-plda-scoring.cc:134) Average renormalization scale on test iVectors was 0.995452
LOG (ivector-plda-scoring:main():ivector-plda-scoring.cc:198) Mean score was -9.79861, standard deviation was 11.2833
LOG (ivector-plda-scoring:main():ivector-plda-scoring.cc:201) Processed 81812 trials, 0 had errors.
