ivector-plda-scoring 'ivector-copy-plda --smoothing=0.0 exp/score.dnn/ivector_plda/plda - |' 'ark:ivector-transform exp/score.dnn/ivector_plda/lda_transform.mat scp:data/test_eval92.dnn-iv/ivector.scp ark:- | ivector-subtract-global-mean ark:- ark:- |' 'ark:ivector-transform exp/score.dnn/ivector_plda/lda_transform.mat scp:data/test_eval92.dnn-iv/ivector.scp ark:- | ivector-subtract-global-mean ark:- ark:- |' 'cat '\''exp/trials/trial.utt2utt'\'' | awk '\''{print $1, $2}'\'' |' exp/score.dnn/ivector_plda/plda.output 
ivector-copy-plda --smoothing=0.0 exp/score.dnn/ivector_plda/plda - 
ivector-transform exp/score.dnn/ivector_plda/lda_transform.mat scp:data/test_eval92.dnn-iv/ivector.scp ark:- 
ivector-subtract-global-mean ark:- ark:- 
LOG (ivector-transform:main():ivector-transform.cc:91) Processed 4620 iVectors.
LOG (ivector-transform:main():ivector-transform.cc:99) Norm of mean was 1.6084 (should be close to zero), length divided by sqrt(dim) was 0.744494 (should probably be close to one)
LOG (ivector-subtract-global-mean:main():ivector-subtract-global-mean.cc:76) Read 4620 iVectors.
LOG (ivector-subtract-global-mean:main():ivector-subtract-global-mean.cc:79) Norm of iVector mean was 1.6084
ivector-transform exp/score.dnn/ivector_plda/lda_transform.mat scp:data/test_eval92.dnn-iv/ivector.scp ark:- 
ivector-subtract-global-mean ark:- ark:- 
LOG (ivector-transform:main():ivector-transform.cc:91) Processed 4620 iVectors.
LOG (ivector-transform:main():ivector-transform.cc:99) Norm of mean was 1.6084 (should be close to zero), length divided by sqrt(dim) was 0.744494 (should probably be close to one)
LOG (ivector-subtract-global-mean:main():ivector-subtract-global-mean.cc:76) Read 4620 iVectors.
LOG (ivector-subtract-global-mean:main():ivector-subtract-global-mean.cc:79) Norm of iVector mean was 1.6084
LOG (ivector-plda-scoring:main():ivector-plda-scoring.cc:96) Reading train iVectors
LOG (ivector-subtract-global-mean:main():ivector-subtract-global-mean.cc:108) Wrote 4620 mean-subtracted iVectors
LOG (ivector-plda-scoring:main():ivector-plda-scoring.cc:110) Read 4620 training iVectors, errors on 0
LOG (ivector-plda-scoring:main():ivector-plda-scoring.cc:114) Average renormalization scale on training iVectors was 0.869535
LOG (ivector-plda-scoring:main():ivector-plda-scoring.cc:117) Reading test iVectors
LOG (ivector-subtract-global-mean:main():ivector-subtract-global-mean.cc:108) Wrote 4620 mean-subtracted iVectors
LOG (ivector-plda-scoring:main():ivector-plda-scoring.cc:131) Read 4620 test iVectors.
LOG (ivector-plda-scoring:main():ivector-plda-scoring.cc:134) Average renormalization scale on test iVectors was 0.869535
LOG (ivector-plda-scoring:main():ivector-plda-scoring.cc:198) Mean score was -7.02019, standard deviation was 6.80268
LOG (ivector-plda-scoring:main():ivector-plda-scoring.cc:201) Processed 81812 trials, 0 had errors.
